[2019-09-25 19:06:51.751] [exthost] [info] extension host started
[2019-09-25 19:06:51.945] [exthost] [info] ExtensionService#_doActivateExtension vscode.debug-auto-launch {"startup":true,"activationEvent":"*"}
[2019-09-25 19:06:51.946] [exthost] [info] ExtensionService#loadCommonJSModule /usr/share/code/resources/app/extensions/debug-auto-launch/dist/extension
[2019-09-25 19:06:51.981] [exthost] [info] ExtensionService#_doActivateExtension vscode.emmet {"startup":true,"activationEvent":"*"}
[2019-09-25 19:06:51.981] [exthost] [info] ExtensionService#loadCommonJSModule /usr/share/code/resources/app/extensions/emmet/dist/extension
[2019-09-25 19:06:52.091] [exthost] [info] ExtensionService#_doActivateExtension vscode.git {"startup":true,"activationEvent":"*"}
[2019-09-25 19:06:52.091] [exthost] [info] ExtensionService#loadCommonJSModule /usr/share/code/resources/app/extensions/git/dist/main
[2019-09-25 19:06:52.318] [exthost] [info] ExtensionService#_doActivateExtension vscode.merge-conflict {"startup":true,"activationEvent":"*"}
[2019-09-25 19:06:52.318] [exthost] [info] ExtensionService#loadCommonJSModule /usr/share/code/resources/app/extensions/merge-conflict/dist/extension
[2019-09-25 19:06:52.428] [exthost] [info] ExtensionService#_doActivateExtension esbenp.prettier-vscode {"startup":true,"activationEvent":"*"}
[2019-09-25 19:06:52.428] [exthost] [info] ExtensionService#loadCommonJSModule /home/arpit/.vscode/extensions/esbenp.prettier-vscode-2.2.2/out/extension
[2019-09-25 19:06:54.102] [exthost] [info] ExtensionService#_doActivateExtension HookyQR.beautify {"startup":true,"activationEvent":"*"}
[2019-09-25 19:06:54.102] [exthost] [info] ExtensionService#loadCommonJSModule /home/arpit/.vscode/extensions/hookyqr.beautify-1.5.0/extension
[2019-09-25 19:06:54.349] [exthost] [info] ExtensionService#_doActivateExtension ritwickdey.LiveServer {"startup":true,"activationEvent":"*"}
[2019-09-25 19:06:54.350] [exthost] [info] ExtensionService#loadCommonJSModule /home/arpit/.vscode/extensions/ritwickdey.liveserver-5.6.1/out/src/extension
[2019-09-25 19:06:55.707] [exthost] [info] ExtensionService#_doActivateExtension vscode-icons-team.vscode-icons {"startup":true,"activationEvent":"*"}
[2019-09-25 19:06:55.707] [exthost] [info] ExtensionService#loadCommonJSModule /home/arpit/.vscode/extensions/vscode-icons-team.vscode-icons-9.4.0/dist/src/vscode-icons.bundle.js
[2019-09-25 19:06:55.848] [exthost] [info] ExtensionService#_doActivateExtension Zignd.html-css-class-completion {"startup":true,"activationEvent":"*"}
[2019-09-25 19:06:55.848] [exthost] [info] ExtensionService#loadCommonJSModule /home/arpit/.vscode/extensions/zignd.html-css-class-completion-1.19.0/out/src/extension
[2019-09-25 19:06:57.539] [exthost] [info] eager extensions activated
